C:\USERS\WALEED\DESKTOP\GAME\DEBUG\BGI.EXE
C:\USERS\WALEED\DESKTOP\GAME\DEBUG\BGI.EXE.INTERMEDIATE.MANIFEST
C:\USERS\WALEED\DESKTOP\GAME\DEBUG\BGI.ILK
C:\USERS\WALEED\DESKTOP\GAME\DEBUG\BGI.PDB
C:\Users\Waleed\Desktop\game\Debug\bgi.write.1.tlog
C:\USERS\WALEED\DESKTOP\GAME\DEBUG\BGIOUT.OBJ
C:\Users\Waleed\Desktop\game\Debug\cl.command.1.tlog
C:\Users\Waleed\Desktop\game\Debug\CL.read.1.tlog
C:\Users\Waleed\Desktop\game\Debug\CL.write.1.tlog
C:\USERS\WALEED\DESKTOP\GAME\DEBUG\DIBUTIL.OBJ
C:\USERS\WALEED\DESKTOP\GAME\DEBUG\DRAWING.OBJ
C:\USERS\WALEED\DESKTOP\GAME\DEBUG\FILE.OBJ
C:\Users\Waleed\Desktop\game\Debug\link.command.1.tlog
C:\Users\Waleed\Desktop\game\Debug\link.read.1.tlog
C:\Users\Waleed\Desktop\game\Debug\link.write.1.tlog
C:\USERS\WALEED\DESKTOP\GAME\DEBUG\MAIN.OBJ
C:\USERS\WALEED\DESKTOP\GAME\DEBUG\MISC.OBJ
C:\USERS\WALEED\DESKTOP\GAME\DEBUG\MOUSE.OBJ
C:\Users\Waleed\Desktop\game\Debug\mt.command.1.tlog
C:\Users\Waleed\Desktop\game\Debug\mt.read.1.tlog
C:\Users\Waleed\Desktop\game\Debug\mt.write.1.tlog
C:\USERS\WALEED\DESKTOP\GAME\DEBUG\PALETTE.OBJ
C:\USERS\WALEED\DESKTOP\GAME\DEBUG\SPACEINVASION.OBJ
C:\USERS\WALEED\DESKTOP\GAME\DEBUG\TEXT.OBJ
C:\Users\Waleed\Desktop\game\Debug\vc100.idb
C:\USERS\WALEED\DESKTOP\GAME\DEBUG\VC100.PDB
C:\USERS\WALEED\DESKTOP\GAME\DEBUG\WINBGI.OBJ
C:\USERS\WALEED\DESKTOP\GAME\DEBUG\WINTHREAD.OBJ
