Build started 02-Oct-18 11:22:45 PM.
     1>Project "H:\First Semester\Documents\space Invasion\bgi.vcxproj" on node 2 (build target(s)).
     1>InitializeBuildStatus:
         Creating "Release\bgi.unsuccessfulbuild" because "AlwaysCreate" was specified.
       ClCompile:
         C:\Program Files (x86)\Microsoft Visual Studio 10.0\VC\bin\CL.exe /c /Zi /nologo /W3 /WX- /O2 /Oi /Oy- /GL /D _MBCS /Gm- /EHsc /MD /GS /Gy /fp:precise /Zc:wchar_t /Zc:forScope /Fo"Release\\" /Fd"Release\vc100.pdb" /Gd /TP /analyze- /errorReport:prompt bgiout.cxx dibutil.cxx drawing.cxx file.cxx misc.cxx mouse.cxx palette.cxx main.cxx spaceInvasion.cpp text.cxx winbgi.cxx winthread.cxx
         bgiout.cxx
         dibutil.cxx
         drawing.cxx
     1>drawing.cxx(819): warning C4101: 'tries' : unreferenced local variable
     1>drawing.cxx(859): warning C4101: 'answer' : unreferenced local variable
     1>drawing.cxx(1110): warning C4996: 'strcat': This function or variable may be unsafe. Consider using strcat_s instead. To disable deprecation, use _CRT_SECURE_NO_WARNINGS. See online help for details.
                 C:\Program Files (x86)\Microsoft Visual Studio 10.0\VC\include\string.h(110) : see declaration of 'strcat'
         file.cxx
         misc.cxx
         mouse.cxx
         palette.cxx
         main.cxx
     1>main.cxx(189): warning C4244: 'argument' : conversion from 'double' to 'int', possible loss of data
     1>main.cxx(189): warning C4244: 'argument' : conversion from 'double' to 'int', possible loss of data
     1>main.cxx(192): warning C4244: 'argument' : conversion from 'double' to 'int', possible loss of data
     1>main.cxx(192): warning C4244: 'argument' : conversion from 'double' to 'int', possible loss of data
     1>main.cxx(195): warning C4244: 'argument' : conversion from 'double' to 'int', possible loss of data
     1>main.cxx(195): warning C4244: 'argument' : conversion from 'double' to 'int', possible loss of data
     1>main.cxx(195): warning C4244: 'argument' : conversion from 'double' to 'int', possible loss of data
     1>main.cxx(195): warning C4244: 'argument' : conversion from 'double' to 'int', possible loss of data
     1>main.cxx(333): warning C4805: '==' : unsafe mix of type 'int' and type 'bool' in operation
     1>main.cxx(367): warning C4244: '=' : conversion from 'double' to 'int', possible loss of data
     1>main.cxx(388): warning C4244: '=' : conversion from 'double' to 'float', possible loss of data
     1>main.cxx(397): warning C4244: '=' : conversion from 'float' to 'int', possible loss of data
         spaceInvasion.cpp
     1>spaceInvasion.cpp(1251): warning C4101: 'gm' : unreferenced local variable
     1>spaceInvasion.cpp(2069): warning C4101: 'sq' : unreferenced local variable
     1>spaceInvasion.cpp(2069): warning C4101: 'collY' : unreferenced local variable
     1>spaceInvasion.cpp(2069): warning C4101: 'collX' : unreferenced local variable
         text.cxx
     1>text.cxx(348): warning C4018: '<' : signed/unsigned mismatch
         winbgi.cxx
     1>winbgi.cxx(81): warning C4800: 'BOOL' : forcing value to bool 'true' or 'false' (performance warning)
     1>winbgi.cxx(134): warning C4101: 'actual_color' : unreferenced local variable
     1>winbgi.cxx(133): warning C4101: 'bgi_color' : unreferenced local variable
     1>winbgi.cxx(494): warning C4996: 'sprintf': This function or variable may be unsafe. Consider using sprintf_s instead. To disable deprecation, use _CRT_SECURE_NO_WARNINGS. See online help for details.
                 C:\Program Files (x86)\Microsoft Visual Studio 10.0\VC\include\stdio.h(371) : see declaration of 'sprintf'
         winthread.cxx
     1>winthread.cxx(320): warning C4101: 'i' : unreferenced local variable
       Link:
         C:\Program Files (x86)\Microsoft Visual Studio 10.0\VC\bin\link.exe /ERRORREPORT:PROMPT /OUT:"H:\First Semester\Documents\space Invasion\Release\bgi.exe" /NOLOGO kernel32.lib user32.lib gdi32.lib winspool.lib comdlg32.lib advapi32.lib shell32.lib ole32.lib oleaut32.lib uuid.lib odbc32.lib odbccp32.lib /MANIFEST /ManifestFile:"Release\bgi.exe.intermediate.manifest" /MANIFESTUAC:"level='asInvoker' uiAccess='false'" /DEBUG /PDB:"H:\First Semester\Documents\space Invasion\Release\bgi.pdb" /OPT:REF /OPT:ICF /LTCG /TLBID:1 /DYNAMICBASE /NXCOMPAT /IMPLIB:"H:\First Semester\Documents\space Invasion\Release\bgi.lib" /MACHINE:X86 Release\bgiout.obj
         Release\dibutil.obj
         Release\drawing.obj
         Release\file.obj
         Release\misc.obj
         Release\mouse.obj
         Release\palette.obj
         Release\main.obj
         Release\spaceInvasion.obj
         Release\text.obj
         Release\winbgi.obj
         Release\winthread.obj
     1>LINK : warning LNK4031: no subsystem specified; CONSOLE assumed
         Generating code
         Finished generating code
         bgi.vcxproj -> H:\First Semester\Documents\space Invasion\Release\bgi.exe
       Manifest:
         C:\Program Files (x86)\Microsoft SDKs\Windows\v7.0A\bin\mt.exe /nologo /verbose /outputresource:"H:\First Semester\Documents\space Invasion\Release\bgi.exe;#1" /manifest Release\bgi.exe.intermediate.manifest
       FinalizeBuildStatus:
         Deleting file "Release\bgi.unsuccessfulbuild".
         Touching "Release\bgi.lastbuildstate".
     1>Done Building Project "H:\First Semester\Documents\space Invasion\bgi.vcxproj" (build target(s)).

Build succeeded.

Time Elapsed 00:00:20.51
