C:\USERS\WALEED\DESKTOP\SPACE INVASION\RELEASE\BGI.EXE
C:\USERS\WALEED\DESKTOP\SPACE INVASION\RELEASE\BGI.EXE.INTERMEDIATE.MANIFEST
C:\USERS\WALEED\DESKTOP\SPACE INVASION\RELEASE\BGI.PDB
C:\Users\Waleed\Desktop\space Invasion\Release\bgi.vcxprojResolveAssemblyReference.cache
C:\Users\Waleed\Desktop\space Invasion\Release\bgi.write.1.tlog
C:\USERS\WALEED\DESKTOP\SPACE INVASION\RELEASE\BGIOUT.OBJ
C:\Users\Waleed\Desktop\space Invasion\Release\cl.command.1.tlog
C:\Users\Waleed\Desktop\space Invasion\Release\CL.read.1.tlog
C:\Users\Waleed\Desktop\space Invasion\Release\CL.write.1.tlog
C:\USERS\WALEED\DESKTOP\SPACE INVASION\RELEASE\DIBUTIL.OBJ
C:\USERS\WALEED\DESKTOP\SPACE INVASION\RELEASE\DRAWING.OBJ
C:\USERS\WALEED\DESKTOP\SPACE INVASION\RELEASE\FILE.OBJ
C:\Users\Waleed\Desktop\space Invasion\Release\link.command.1.tlog
C:\Users\Waleed\Desktop\space Invasion\Release\link.read.1.tlog
C:\Users\Waleed\Desktop\space Invasion\Release\link.write.1.tlog
C:\USERS\WALEED\DESKTOP\SPACE INVASION\RELEASE\MAIN.OBJ
C:\USERS\WALEED\DESKTOP\SPACE INVASION\RELEASE\MISC.OBJ
C:\USERS\WALEED\DESKTOP\SPACE INVASION\RELEASE\MOUSE.OBJ
C:\Users\Waleed\Desktop\space Invasion\Release\mt.command.1.tlog
C:\Users\Waleed\Desktop\space Invasion\Release\mt.read.1.tlog
C:\Users\Waleed\Desktop\space Invasion\Release\mt.write.1.tlog
C:\USERS\WALEED\DESKTOP\SPACE INVASION\RELEASE\PALETTE.OBJ
C:\USERS\WALEED\DESKTOP\SPACE INVASION\RELEASE\SPACEINVASION.OBJ
C:\USERS\WALEED\DESKTOP\SPACE INVASION\RELEASE\TEXT.OBJ
C:\USERS\WALEED\DESKTOP\SPACE INVASION\RELEASE\VC100.PDB
C:\USERS\WALEED\DESKTOP\SPACE INVASION\RELEASE\WINBGI.OBJ
C:\USERS\WALEED\DESKTOP\SPACE INVASION\RELEASE\WINTHREAD.OBJ
